<?xml version="1.0" encoding="UTF-8"?>
<robot generator="Robot 6.1.1 (Python 3.9.0 on win32)" generated="20240125 11:38:38.391" rpa="false" schemaversion="4">
<suite id="s1" name="Automate" source="D:\automate">
<suite id="s1-s1" name="Onborad CC SPC SPL" source="D:\automate\Onborad CC SPC SPL">
<suite id="s1-s1-s1" name="3.Task" source="D:\automate\Onborad CC SPC SPL\3.Task">
<suite id="s1-s1-s1-s1" name="Test" source="D:\automate\Onborad CC SPC SPL\3.Task\test.robot">
<test id="s1-s1-s1-s1-t1" name="Open Local HTML File" line="10">
<kw name="Open Browser" library="SeleniumLibrary">
<arg>${URL}</arg>
<arg>${BROWSER}</arg>
<doc>Opens a new browser instance to the optional ``url``.</doc>
<msg timestamp="20240125 11:38:40.480" level="INFO">Opening browser 'Chrome' to base url 'file:///D:/automate/Setup/test.html'.</msg>
<status status="PASS" starttime="20240125 11:38:40.478" endtime="20240125 11:38:44.931"/>
</kw>
<kw name="Wait Until Element Is Visible" library="SeleniumLibrary">
<arg>css=div &gt; div &gt; img[alt="cardXicon.png"]</arg>
<doc>Waits until the element ``locator`` is visible.</doc>
<status status="PASS" starttime="20240125 11:38:44.931" endtime="20240125 11:38:45.135"/>
</kw>
<kw name="Execute Javascript" library="SeleniumLibrary">
<arg>document.querySelector('div &gt; div &gt; img[alt="cardXicon.png"]').nextElementSibling.textContent = '';</arg>
<doc>Executes the given JavaScript code with possible arguments.</doc>
<msg timestamp="20240125 11:38:45.145" level="INFO">Executing JavaScript:
document.querySelector('div &gt; div &gt; img[alt="cardXicon.png"]').nextElementSibling.textContent = '';
Without any arguments.</msg>
<msg timestamp="20240125 11:38:45.634" level="INFO" html="true">&lt;/td&gt;&lt;/tr&gt;&lt;tr&gt;&lt;td colspan="3"&gt;&lt;a href="../Onborad%20CC%20SPC%20SPL/results/selenium-screenshot-10.png"&gt;&lt;img src="../Onborad%20CC%20SPC%20SPL/results/selenium-screenshot-10.png" width="800px"&gt;&lt;/a&gt;</msg>
<msg timestamp="20240125 11:38:45.635" level="FAIL">JavascriptException: Message: javascript error: Cannot set properties of null (setting 'textContent')
  (Session info: chrome=120.0.6099.225)
Stacktrace:
	GetHandleVerifier [0x00007FF6816F2142+3514994]
	(No symbol) [0x00007FF681310CE2]
	(No symbol) [0x00007FF6811B76AA]
	(No symbol) [0x00007FF6811BCFC0]
	(No symbol) [0x00007FF6811BF6F7]
	(No symbol) [0x00007FF68124316B]
	(No symbol) [0x00007FF681225FEA]
	(No symbol) [0x00007FF6812428F6]
	(No symbol) [0x00007FF681225D93]
	(No symbol) [0x00007FF6811F4BDC]
	(No symbol) [0x00007FF6811F5C64]
	GetHandleVerifier [0x00007FF68171E16B+3695259]
	GetHandleVerifier [0x00007FF681776737+4057191]
	GetHandleVerifier [0x00007FF68176E4E3+4023827]
	GetHandleVerifier [0x00007FF6814404F9+689705]
	(No symbol) [0x00007FF68131C048]
	(No symbol) [0x00007FF681318044]
	(No symbol) [0x00007FF6813181C9]
	(No symbol) [0x00007FF6813088C4]
	BaseThreadInitThunk [0x00007FFC2083257D+29]
	RtlUserThreadStart [0x00007FFC2206AA58+40]
</msg>
<status status="FAIL" starttime="20240125 11:38:45.144" endtime="20240125 11:38:45.700"/>
</kw>
<kw name="Execute Javascript" library="SeleniumLibrary">
<arg>document.getElementById('selectImage').removeAttribute('hidden');</arg>
<doc>Executes the given JavaScript code with possible arguments.</doc>
<status status="NOT RUN" starttime="20240125 11:38:45.700" endtime="20240125 11:38:45.703"/>
</kw>
<kw name="Choose File" library="SeleniumLibrary">
<arg>id=selectImage</arg>
<arg>D:\\test.jpg</arg>
<doc>Inputs the ``file_path`` into the file input field ``locator``.</doc>
<status status="NOT RUN" starttime="20240125 11:38:45.703" endtime="20240125 11:38:45.703"/>
</kw>
<status status="FAIL" starttime="20240125 11:38:40.474" endtime="20240125 11:38:45.705">JavascriptException: Message: javascript error: Cannot set properties of null (setting 'textContent')
  (Session info: chrome=120.0.6099.225)
Stacktrace:
	GetHandleVerifier [0x00007FF6816F2142+3514994]
	(No symbol) [0x00007FF681310CE2]
	(No symbol) [0x00007FF6811B76AA]
	(No symbol) [0x00007FF6811BCFC0]
	(No symbol) [0x00007FF6811BF6F7]
	(No symbol) [0x00007FF68124316B]
	(No symbol) [0x00007FF681225FEA]
	(No symbol) [0x00007FF6812428F6]
	(No symbol) [0x00007FF681225D93]
	(No symbol) [0x00007FF6811F4BDC]
	(No symbol) [0x00007FF6811F5C64]
	GetHandleVerifier [0x00007FF68171E16B+3695259]
	GetHandleVerifier [0x00007FF681776737+4057191]
	GetHandleVerifier [0x00007FF68176E4E3+4023827]
	GetHandleVerifier [0x00007FF6814404F9+689705]
	(No symbol) [0x00007FF68131C048]
	(No symbol) [0x00007FF681318044]
	(No symbol) [0x00007FF6813181C9]
	(No symbol) [0x00007FF6813088C4]
	BaseThreadInitThunk [0x00007FFC2083257D+29]
	RtlUserThreadStart [0x00007FFC2206AA58+40]
</status>
</test>
<status status="FAIL" starttime="20240125 11:38:38.467" endtime="20240125 11:38:45.711"/>
</suite>
<status status="FAIL" starttime="20240125 11:38:38.467" endtime="20240125 11:38:45.717"/>
</suite>
<status status="FAIL" starttime="20240125 11:38:38.459" endtime="20240125 11:38:45.724"/>
</suite>
<status status="FAIL" starttime="20240125 11:38:38.419" endtime="20240125 11:38:45.728"/>
</suite>
<statistics>
<total>
<stat pass="0" fail="1" skip="0">All Tests</stat>
</total>
<tag>
</tag>
<suite>
<stat pass="0" fail="1" skip="0" id="s1" name="Automate">Automate</stat>
<stat pass="0" fail="1" skip="0" id="s1-s1" name="Onborad CC SPC SPL">Automate.Onborad CC SPC SPL</stat>
<stat pass="0" fail="1" skip="0" id="s1-s1-s1" name="3.Task">Automate.Onborad CC SPC SPL.3.Task</stat>
<stat pass="0" fail="1" skip="0" id="s1-s1-s1-s1" name="Test">Automate.Onborad CC SPC SPL.3.Task.Test</stat>
</suite>
</statistics>
<errors>
<msg timestamp="20240125 11:38:40.469" level="ERROR">Error in file 'D:\automate\Onborad CC SPC SPL\1.Setting\Setting.robot' on line 15: Error in file 'D:\automate\Onborad CC SPC SPL\3.Task\Run task.robot' on line 128: Resource file with 'Tasks' section is invalid.</msg>
</errors>
</robot>
